[   121.516] (--) Log file renamed from "/home/micaela/.local/share/xorg/Xorg.pid-1785.log" to "/home/micaela/.local/share/xorg/Xorg.0.log"
[   121.518] 
X.Org X Server 1.20.4
X Protocol Version 11, Revision 0
[   121.518] Build Operating System: Linux 4.4.0-148-generic x86_64 Ubuntu
[   121.518] Current Operating System: Linux micaela-virtual-machine 5.0.0-29-generic #31~18.04.1-Ubuntu SMP Thu Sep 12 18:29:21 UTC 2019 x86_64
[   121.518] Kernel command line: BOOT_IMAGE=/boot/vmlinuz-5.0.0-29-generic root=/dev/mapper/ubuntu--vg-root ro quiet splash
[   121.518] Build Date: 02 May 2019  08:06:54AM
[   121.518] xorg-server-hwe-18.04 2:1.20.4-1ubuntu3~18.04.1 (For technical support please see http://www.ubuntu.com/support) 
[   121.518] Current version of pixman: 0.34.0
[   121.518] 	Before reporting problems, check http://wiki.x.org
	to make sure that you have the latest version.
[   121.518] Markers: (--) probed, (**) from config file, (==) default setting,
	(++) from command line, (!!) notice, (II) informational,
	(WW) warning, (EE) error, (NI) not implemented, (??) unknown.
[   121.519] (==) Log file: "/home/micaela/.local/share/xorg/Xorg.0.log", Time: Fri Oct  4 18:35:57 2019
[   121.547] (==) Using system config directory "/usr/share/X11/xorg.conf.d"
[   121.560] (==) No Layout section.  Using the first Screen section.
[   121.560] (==) No screen section available. Using defaults.
[   121.560] (**) |-->Screen "Default Screen Section" (0)
[   121.560] (**) |   |-->Monitor "<default monitor>"
[   121.562] (==) No monitor specified for screen "Default Screen Section".
	Using a default monitor configuration.
[   121.562] (==) Automatically adding devices
[   121.562] (==) Automatically enabling devices
[   121.562] (==) Automatically adding GPU devices
[   121.562] (==) Automatically binding GPU devices
[   121.563] (==) Max clients allowed: 256, resource mask: 0x1fffff
[   121.563] (WW) The directory "/usr/share/fonts/X11/cyrillic" does not exist.
[   121.563] 	Entry deleted from font path.
[   121.563] (WW) The directory "/usr/share/fonts/X11/100dpi/" does not exist.
[   121.563] 	Entry deleted from font path.
[   121.563] (WW) The directory "/usr/share/fonts/X11/75dpi/" does not exist.
[   121.563] 	Entry deleted from font path.
[   121.563] (WW) The directory "/usr/share/fonts/X11/100dpi" does not exist.
[   121.563] 	Entry deleted from font path.
[   121.563] (WW) The directory "/usr/share/fonts/X11/75dpi" does not exist.
[   121.563] 	Entry deleted from font path.
[   121.563] (==) FontPath set to:
	/usr/share/fonts/X11/misc,
	/usr/share/fonts/X11/Type1,
	built-ins
[   121.563] (==) ModulePath set to "/usr/lib/xorg/modules"
[   121.563] (II) The server relies on udev to provide the list of input devices.
	If no devices become available, reconfigure udev or disable AutoAddDevices.
[   121.563] (II) Loader magic: 0x5582a630d020
[   121.563] (II) Module ABI versions:
[   121.563] 	X.Org ANSI C Emulation: 0.4
[   121.563] 	X.Org Video Driver: 24.0
[   121.563] 	X.Org XInput driver : 24.1
[   121.563] 	X.Org Server Extension : 10.0
[   121.564] (++) using VT number 2

[   121.566] (II) systemd-logind: took control of session /org/freedesktop/login1/session/_32
[   121.570] (II) xfree86: Adding drm device (/dev/dri/card0)
[   121.573] (II) systemd-logind: got fd for /dev/dri/card0 226:0 fd 12 paused 0
[   121.579] (--) PCI:*(0@0:15:0) 15ad:0405:15ad:0405 rev 0, Mem @ 0xe8000000/134217728, 0xfe000000/8388608, I/O @ 0x00001070/16, BIOS @ 0x????????/131072
[   121.579] (II) LoadModule: "glx"
[   121.592] (II) Loading /usr/lib/xorg/modules/extensions/libglx.so
[   121.610] (II) Module glx: vendor="X.Org Foundation"
[   121.610] 	compiled for 1.20.4, module version = 1.0.0
[   121.610] 	ABI class: X.Org Server Extension, version 10.0
[   121.610] (==) Matched vmware as autoconfigured driver 0
[   121.610] (==) Matched modesetting as autoconfigured driver 1
[   121.610] (==) Matched fbdev as autoconfigured driver 2
[   121.610] (==) Matched vesa as autoconfigured driver 3
[   121.610] (==) Assigned the driver to the xf86ConfigLayout
[   121.611] (II) LoadModule: "vmware"
[   121.611] (II) Loading /usr/lib/xorg/modules/drivers/vmware_drv.so
[   121.818] (II) Module vmware: vendor="X.Org Foundation"
[   121.818] 	compiled for 1.20.1, module version = 13.3.0
[   121.818] 	Module class: X.Org Video Driver
[   121.818] 	ABI class: X.Org Video Driver, version 24.0
[   121.818] (II) LoadModule: "modesetting"
[   121.819] (II) Loading /usr/lib/xorg/modules/drivers/modesetting_drv.so
[   121.969] (II) Module modesetting: vendor="X.Org Foundation"
[   121.969] 	compiled for 1.20.4, module version = 1.20.4
[   121.969] 	Module class: X.Org Video Driver
[   121.969] 	ABI class: X.Org Video Driver, version 24.0
[   121.969] (II) LoadModule: "fbdev"
[   121.969] (II) Loading /usr/lib/xorg/modules/drivers/fbdev_drv.so
[   121.983] (II) Module fbdev: vendor="X.Org Foundation"
[   121.983] 	compiled for 1.20.1, module version = 0.5.0
[   121.983] 	Module class: X.Org Video Driver
[   121.983] 	ABI class: X.Org Video Driver, version 24.0
[   121.983] (II) LoadModule: "vesa"
[   121.983] (II) Loading /usr/lib/xorg/modules/drivers/vesa_drv.so
[   121.985] (II) Module vesa: vendor="X.Org Foundation"
[   121.985] 	compiled for 1.20.1, module version = 2.4.0
[   121.985] 	Module class: X.Org Video Driver
[   121.985] 	ABI class: X.Org Video Driver, version 24.0
[   121.985] (II) vmware: driver for VMware SVGA: vmware0405, vmware0710
[   121.985] (II) modesetting: Driver for Modesetting Kernel Drivers: kms
[   121.985] (II) FBDEV: driver for framebuffer: fbdev
[   121.985] (II) VESA: driver for VESA chipsets: vesa
[   121.985] xf86EnableIOPorts: failed to set IOPL for I/O (Operation not permitted)
[   121.985] (WW) Falling back to old probe method for modesetting
[   121.986] (WW) Falling back to old probe method for fbdev
[   121.986] (II) Loading sub module "fbdevhw"
[   121.986] (II) LoadModule: "fbdevhw"
[   121.986] (II) Loading /usr/lib/xorg/modules/libfbdevhw.so
[   121.991] (II) Module fbdevhw: vendor="X.Org Foundation"
[   121.991] 	compiled for 1.20.4, module version = 0.0.2
[   121.991] 	ABI class: X.Org Video Driver, version 24.0
[   121.991] (EE) open /dev/fb0: Permission denied
[   121.991] (WW) VGA arbiter: cannot open kernel arbiter, no multi-card support
[   121.991] (II) vmware(0): Creating default Display subsection in Screen section
	"Default Screen Section" for depth/fbbpp 24/32
[   121.991] (--) vmware(0): DRM driver version is 2.15.0
[   121.991] (==) vmware(0): Depth 24, (--) framebuffer bpp 32
[   121.991] (==) vmware(0): RGB weight 888
[   121.991] (==) vmware(0): Default visual is TrueColor
[   121.991] (--) vmware(0): Min width 1, Max Width 16384.
[   121.991] (--) vmware(0): Min height 1, Max Height 16384.
[   121.992] (II) vmware(0): Output Virtual1 has no monitor section
[   121.992] (II) vmware(0): Output Virtual2 has no monitor section
[   121.992] (II) vmware(0): Output Virtual3 has no monitor section
[   121.992] (II) vmware(0): Output Virtual4 has no monitor section
[   121.993] (II) vmware(0): Output Virtual5 has no monitor section
[   121.993] (II) vmware(0): Output Virtual6 has no monitor section
[   121.993] (II) vmware(0): Output Virtual7 has no monitor section
[   121.993] (II) vmware(0): Output Virtual8 has no monitor section
[   121.993] (II) vmware(0): Printing probed modes for output Virtual1
[   121.993] (II) vmware(0): Modeline "1162x615"x60.0   60.22  1162 1212 1262 1312  615 665 715 765 -hsync +vsync (45.9 kHz eP)
[   121.993] (II) vmware(0): Modeline "2560x1600"x60.0  348.50  2560 2752 3032 3504  1600 1603 1609 1658 -hsync +vsync (99.5 kHz e)
[   121.993] (II) vmware(0): Modeline "1920x1440"x60.0  234.00  1920 2048 2256 2600  1440 1441 1444 1500 -hsync +vsync (90.0 kHz e)
[   121.993] (II) vmware(0): Modeline "1856x1392"x60.0  218.25  1856 1952 2176 2528  1392 1393 1396 1439 -hsync +vsync (86.3 kHz e)
[   121.993] (II) vmware(0): Modeline "1792x1344"x60.0  204.75  1792 1920 2120 2448  1344 1345 1348 1394 -hsync +vsync (83.6 kHz e)
[   121.993] (II) vmware(0): Modeline "1920x1200"x59.9  193.25  1920 2056 2256 2592  1200 1203 1209 1245 -hsync +vsync (74.6 kHz e)
[   121.993] (II) vmware(0): Modeline "1600x1200"x60.0  162.00  1600 1664 1856 2160  1200 1201 1204 1250 +hsync +vsync (75.0 kHz e)
[   121.993] (II) vmware(0): Modeline "1680x1050"x60.0  146.25  1680 1784 1960 2240  1050 1053 1059 1089 -hsync +vsync (65.3 kHz e)
[   121.994] (II) vmware(0): Modeline "1400x1050"x60.0  121.75  1400 1488 1632 1864  1050 1053 1057 1089 -hsync +vsync (65.3 kHz e)
[   121.994] (II) vmware(0): Modeline "1280x1024"x60.0  108.00  1280 1328 1440 1688  1024 1025 1028 1066 +hsync +vsync (64.0 kHz e)
[   121.994] (II) vmware(0): Modeline "1440x900"x59.9  106.50  1440 1520 1672 1904  900 903 909 934 -hsync +vsync (55.9 kHz e)
[   121.994] (II) vmware(0): Modeline "1280x960"x60.0  108.00  1280 1376 1488 1800  960 961 964 1000 +hsync +vsync (60.0 kHz e)
[   121.994] (II) vmware(0): Modeline "1360x768"x60.0   85.50  1360 1424 1536 1792  768 771 777 795 +hsync +vsync (47.7 kHz e)
[   121.994] (II) vmware(0): Modeline "1280x800"x59.8   83.50  1280 1352 1480 1680  800 803 809 831 +hsync -vsync (49.7 kHz e)
[   121.994] (II) vmware(0): Modeline "1152x864"x75.0  108.00  1152 1216 1344 1600  864 865 868 900 +hsync +vsync (67.5 kHz e)
[   121.994] (II) vmware(0): Modeline "1280x768"x59.9   79.50  1280 1344 1472 1664  768 771 778 798 -hsync +vsync (47.8 kHz e)
[   121.994] (II) vmware(0): Modeline "1024x768"x60.0   65.00  1024 1048 1184 1344  768 771 777 806 -hsync -vsync (48.4 kHz e)
[   121.994] (II) vmware(0): Modeline "800x600"x60.3   40.00  800 840 968 1056  600 601 605 628 +hsync +vsync (37.9 kHz e)
[   121.994] (II) vmware(0): Modeline "640x480"x59.9   25.18  640 656 752 800  480 489 492 525 -hsync -vsync (31.5 kHz e)
[   121.994] (II) vmware(0): EDID for output Virtual2
[   121.994] (II) vmware(0): EDID for output Virtual3
[   121.994] (II) vmware(0): EDID for output Virtual4
[   121.994] (II) vmware(0): EDID for output Virtual5
[   121.994] (II) vmware(0): EDID for output Virtual6
[   121.994] (II) vmware(0): EDID for output Virtual7
[   121.995] (II) vmware(0): EDID for output Virtual8
[   121.995] (II) vmware(0): Output Virtual1 connected
[   121.995] (II) vmware(0): Output Virtual2 disconnected
[   121.995] (II) vmware(0): Output Virtual3 disconnected
[   121.995] (II) vmware(0): Output Virtual4 disconnected
[   121.995] (II) vmware(0): Output Virtual5 disconnected
[   121.995] (II) vmware(0): Output Virtual6 disconnected
[   121.995] (II) vmware(0): Output Virtual7 disconnected
[   121.995] (II) vmware(0): Output Virtual8 disconnected
[   121.995] (II) vmware(0): Using exact sizes for initial modes
[   121.995] (II) vmware(0): Output Virtual1 using initial mode 1162x615 +0+0
[   121.995] (==) vmware(0): DPI set to (96, 96)
[   121.995] (==) vmware(0): Using gamma correction (1.0, 1.0, 1.0)
[   121.995] (II) Loading sub module "fb"
[   121.995] (II) LoadModule: "fb"
[   121.995] (II) Loading /usr/lib/xorg/modules/libfb.so
[   122.002] (II) Module fb: vendor="X.Org Foundation"
[   122.002] 	compiled for 1.20.4, module version = 1.0.0
[   122.002] 	ABI class: X.Org ANSI C Emulation, version 0.4
[   122.002] (II) Loading sub module "dri2"
[   122.002] (II) LoadModule: "dri2"
[   122.002] (II) Module "dri2" already built-in
[   122.002] (II) Loading sub module "dri3"
[   122.002] (II) LoadModule: "dri3"
[   122.002] (II) Module "dri3" already built-in
[   122.002] (II) UnloadModule: "modesetting"
[   122.002] (II) Unloading modesetting
[   122.002] (II) UnloadModule: "fbdev"
[   122.002] (II) Unloading fbdev
[   122.002] (II) UnloadSubModule: "fbdevhw"
[   122.002] (II) Unloading fbdevhw
[   122.003] (II) UnloadModule: "vesa"
[   122.003] (II) Unloading vesa
[   122.023] (II) vmware(0): Initialized VMWARE_CTRL extension version 0.2
[   122.101] (II) vmware(0): Gallium3D XA version: 2.5.0.
[   122.101] (II) vmware(0): Path of drm device is "/dev/dri/card0".
[   122.101] (II) vmware(0): [DRI2] Setup complete
[   122.101] (II) vmware(0): [DRI2]   DRI driver: vmwgfx
[   122.862] (--) vmware(0): Render acceleration is enabled.
[   122.862] (==) vmware(0): Rendercheck mode is disabled.
[   122.862] (--) vmware(0): Direct rendering (DRI2 3D) is enabled.
[   122.862] (--) vmware(0): Direct rendering (DRI3 3D) is enabled.
[   122.862] (==) vmware(0): Direct presents are disabled.
[   122.862] (==) vmware(0): Hardware only presents are automatic per scanout.
[   122.862] (==) vmware(0): Backing store enabled
[   122.862] (==) vmware(0): Silken mouse enabled
[   122.912] (==) vmware(0): DPMS enabled
[   122.912] (II) Initializing extension Generic Event Extension
[   122.912] (II) Initializing extension SHAPE
[   122.912] (II) Initializing extension MIT-SHM
[   122.912] (II) Initializing extension XInputExtension
[   122.913] (II) Initializing extension XTEST
[   122.914] (II) Initializing extension BIG-REQUESTS
[   122.914] (II) Initializing extension SYNC
[   122.914] (II) Initializing extension XKEYBOARD
[   122.915] (II) Initializing extension XC-MISC
[   122.915] (II) Initializing extension SECURITY
[   122.915] (II) Initializing extension XFIXES
[   122.915] (II) Initializing extension RENDER
[   122.915] (II) Initializing extension RANDR
[   122.915] (II) Initializing extension COMPOSITE
[   122.916] (II) Initializing extension DAMAGE
[   122.916] (II) Initializing extension MIT-SCREEN-SAVER
[   122.916] (II) Initializing extension DOUBLE-BUFFER
[   122.916] (II) Initializing extension RECORD
[   122.916] (II) Initializing extension DPMS
[   122.916] (II) Initializing extension Present
[   122.916] (II) Initializing extension DRI3
[   122.916] (II) Initializing extension X-Resource
[   122.917] (II) Initializing extension XVideo
[   122.917] (II) Initializing extension XVideo-MotionCompensation
[   122.917] (II) Initializing extension SELinux
[   122.917] (II) SELinux: Disabled on system
[   122.917] (II) Initializing extension GLX
[   122.930] (II) AIGLX: Loaded and initialized vmwgfx
[   122.930] (II) GLX: Initialized DRI2 GL provider for screen 0
[   122.930] (II) Initializing extension XFree86-VidModeExtension
[   122.930] (II) Initializing extension XFree86-DGA
[   122.930] (II) Initializing extension XFree86-DRI
[   122.930] (II) Initializing extension DRI2
[   122.946] (II) vmware(0): Setting screen physical size to 307 x 162
[   123.013] (II) config/udev: Adding input device Power Button (/dev/input/event0)
[   123.013] (**) Power Button: Applying InputClass "libinput keyboard catchall"
[   123.013] (II) LoadModule: "libinput"
[   123.027] (II) Loading /usr/lib/xorg/modules/input/libinput_drv.so
[   123.043] (II) Module libinput: vendor="X.Org Foundation"
[   123.043] 	compiled for 1.20.1, module version = 0.28.1
[   123.043] 	Module class: X.Org XInput Driver
[   123.043] 	ABI class: X.Org XInput driver, version 24.1
[   123.043] (II) Using input driver 'libinput' for 'Power Button'
[   123.044] (II) systemd-logind: got fd for /dev/input/event0 13:64 fd 24 paused 0
[   123.044] (**) Power Button: always reports core events
[   123.044] (**) Option "Device" "/dev/input/event0"
[   123.044] (**) Option "_source" "server/udev"
[   123.045] (II) event0  - Power Button: is tagged by udev as: Keyboard
[   123.045] (II) event0  - Power Button: device is a keyboard
[   123.045] (II) event0  - Power Button: device removed
[   123.045] (**) Option "config_info" "udev:/sys/devices/LNXSYSTM:00/LNXPWRBN:00/input/input0/event0"
[   123.045] (II) XINPUT: Adding extended input device "Power Button" (type: KEYBOARD, id 6)
[   123.045] (**) Option "xkb_model" "pc105"
[   123.045] (**) Option "xkb_layout" "us"
[   123.046] (II) event0  - Power Button: is tagged by udev as: Keyboard
[   123.046] (II) event0  - Power Button: device is a keyboard
[   123.048] (II) config/udev: Adding input device VMware VMware Virtual USB Mouse (/dev/input/event4)
[   123.048] (**) VMware VMware Virtual USB Mouse: Applying InputClass "libinput pointer catchall"
[   123.048] (II) Using input driver 'libinput' for 'VMware VMware Virtual USB Mouse'
[   123.109] (II) systemd-logind: got fd for /dev/input/event4 13:68 fd 27 paused 0
[   123.109] (**) VMware VMware Virtual USB Mouse: always reports core events
[   123.109] (**) Option "Device" "/dev/input/event4"
[   123.109] (**) Option "_source" "server/udev"
[   123.110] (II) event4  - VMware VMware Virtual USB Mouse: is tagged by udev as: Mouse
[   123.110] (II) event4  - VMware VMware Virtual USB Mouse: device is a pointer
[   123.110] (II) event4  - VMware VMware Virtual USB Mouse: device removed
[   123.110] (**) Option "config_info" "udev:/sys/devices/pci0000:00/0000:00:11.0/0000:02:00.0/usb2/2-1/2-1:1.0/0003:0E0F:0003.0001/input/input5/event4"
[   123.110] (II) XINPUT: Adding extended input device "VMware VMware Virtual USB Mouse" (type: MOUSE, id 7)
[   123.110] (**) Option "AccelerationScheme" "none"
[   123.110] (**) VMware VMware Virtual USB Mouse: (accel) selected scheme none/0
[   123.110] (**) VMware VMware Virtual USB Mouse: (accel) acceleration factor: 2.000
[   123.110] (**) VMware VMware Virtual USB Mouse: (accel) acceleration threshold: 4
[   123.111] (II) event4  - VMware VMware Virtual USB Mouse: is tagged by udev as: Mouse
[   123.111] (II) event4  - VMware VMware Virtual USB Mouse: device is a pointer
[   123.111] (II) config/udev: Adding input device VMware VMware Virtual USB Mouse (/dev/input/mouse2)
[   123.111] (II) No input driver specified, ignoring this device.
[   123.111] (II) This device may have been added with another device file.
[   123.112] (II) config/udev: Adding input device AT Translated Set 2 keyboard (/dev/input/event1)
[   123.112] (**) AT Translated Set 2 keyboard: Applying InputClass "libinput keyboard catchall"
[   123.112] (II) Using input driver 'libinput' for 'AT Translated Set 2 keyboard'
[   123.114] (II) systemd-logind: got fd for /dev/input/event1 13:65 fd 28 paused 0
[   123.114] (**) AT Translated Set 2 keyboard: always reports core events
[   123.114] (**) Option "Device" "/dev/input/event1"
[   123.114] (**) Option "_source" "server/udev"
[   123.114] (II) event1  - AT Translated Set 2 keyboard: is tagged by udev as: Keyboard
[   123.114] (II) event1  - AT Translated Set 2 keyboard: device is a keyboard
[   123.114] (II) event1  - AT Translated Set 2 keyboard: device removed
[   123.114] (**) Option "config_info" "udev:/sys/devices/platform/i8042/serio0/input/input1/event1"
[   123.114] (II) XINPUT: Adding extended input device "AT Translated Set 2 keyboard" (type: KEYBOARD, id 8)
[   123.114] (**) Option "xkb_model" "pc105"
[   123.114] (**) Option "xkb_layout" "us"
[   123.115] (II) event1  - AT Translated Set 2 keyboard: is tagged by udev as: Keyboard
[   123.115] (II) event1  - AT Translated Set 2 keyboard: device is a keyboard
[   123.115] (II) config/udev: Adding input device VirtualPS/2 VMware VMMouse (/dev/input/event3)
[   123.115] (**) VirtualPS/2 VMware VMMouse: Applying InputClass "libinput pointer catchall"
[   123.116] (II) Using input driver 'libinput' for 'VirtualPS/2 VMware VMMouse'
[   123.117] (II) systemd-logind: got fd for /dev/input/event3 13:67 fd 29 paused 0
[   123.117] (**) VirtualPS/2 VMware VMMouse: always reports core events
[   123.117] (**) Option "Device" "/dev/input/event3"
[   123.117] (**) Option "_source" "server/udev"
[   123.118] (II) event3  - VirtualPS/2 VMware VMMouse: is tagged by udev as: Mouse
[   123.118] (II) event3  - VirtualPS/2 VMware VMMouse: device is a pointer
[   123.118] (II) event3  - VirtualPS/2 VMware VMMouse: device removed
[   123.118] (**) Option "config_info" "udev:/sys/devices/platform/i8042/serio1/input/input3/event3"
[   123.118] (II) XINPUT: Adding extended input device "VirtualPS/2 VMware VMMouse" (type: MOUSE, id 9)
[   123.119] (**) Option "AccelerationScheme" "none"
[   123.119] (**) VirtualPS/2 VMware VMMouse: (accel) selected scheme none/0
[   123.119] (**) VirtualPS/2 VMware VMMouse: (accel) acceleration factor: 2.000
[   123.119] (**) VirtualPS/2 VMware VMMouse: (accel) acceleration threshold: 4
[   123.120] (II) event3  - VirtualPS/2 VMware VMMouse: is tagged by udev as: Mouse
[   123.120] (II) event3  - VirtualPS/2 VMware VMMouse: device is a pointer
[   123.121] (II) config/udev: Adding input device VirtualPS/2 VMware VMMouse (/dev/input/mouse1)
[   123.121] (II) No input driver specified, ignoring this device.
[   123.121] (II) This device may have been added with another device file.
[   123.121] (II) config/udev: Adding input device VirtualPS/2 VMware VMMouse (/dev/input/event2)
[   123.121] (**) VirtualPS/2 VMware VMMouse: Applying InputClass "libinput pointer catchall"
[   123.122] (II) Using input driver 'libinput' for 'VirtualPS/2 VMware VMMouse'
[   123.123] (II) systemd-logind: got fd for /dev/input/event2 13:66 fd 30 paused 0
[   123.123] (**) VirtualPS/2 VMware VMMouse: always reports core events
[   123.123] (**) Option "Device" "/dev/input/event2"
[   123.123] (**) Option "_source" "server/udev"
[   123.124] (II) event2  - VirtualPS/2 VMware VMMouse: is tagged by udev as: Mouse
[   123.124] (II) event2  - VirtualPS/2 VMware VMMouse: device is a pointer
[   123.124] (II) event2  - VirtualPS/2 VMware VMMouse: device removed
[   123.124] (**) Option "config_info" "udev:/sys/devices/platform/i8042/serio1/input/input4/event2"
[   123.124] (II) XINPUT: Adding extended input device "VirtualPS/2 VMware VMMouse" (type: MOUSE, id 10)
[   123.124] (**) Option "AccelerationScheme" "none"
[   123.124] (**) VirtualPS/2 VMware VMMouse: (accel) selected scheme none/0
[   123.124] (**) VirtualPS/2 VMware VMMouse: (accel) acceleration factor: 2.000
[   123.124] (**) VirtualPS/2 VMware VMMouse: (accel) acceleration threshold: 4
[   123.124] (II) event2  - VirtualPS/2 VMware VMMouse: is tagged by udev as: Mouse
[   123.124] (II) event2  - VirtualPS/2 VMware VMMouse: device is a pointer
[   123.124] (II) config/udev: Adding input device VirtualPS/2 VMware VMMouse (/dev/input/mouse0)
[   123.124] (II) No input driver specified, ignoring this device.
[   123.124] (II) This device may have been added with another device file.
[ 11818.404] (EE) client bug: timer event2 debounce: offset negative (-15ms)
[ 14678.474] (EE) client bug: timer event2 debounce: offset negative (-35ms)
[ 14678.502] (EE) client bug: timer event2 debounce short: offset negative (-82ms)
[ 15954.312] (EE) client bug: timer event2 debounce short: offset negative (-1ms)
[ 16121.280] (EE) client bug: timer event2 debounce: offset negative (-2ms)
[ 16121.325] (EE) client bug: timer event2 debounce short: offset negative (-65ms)
[ 16130.777] (EE) client bug: timer event2 debounce short: offset negative (-1ms)
[ 16243.891] (EE) client bug: timer event2 debounce: offset negative (-6ms)
[ 16243.964] (EE) client bug: timer event2 debounce: offset negative (-49ms)
[ 16243.964] (EE) client bug: timer event2 debounce short: offset negative (-63ms)
[ 16254.953] (EE) client bug: timer event2 debounce: offset negative (-11ms)
[ 16255.096] (EE) client bug: timer event2 debounce: offset negative (-67ms)
[ 16255.120] (EE) client bug: timer event2 debounce short: offset negative (-114ms)
[ 16258.052] (EE) client bug: timer event2 debounce: offset negative (-7ms)
[ 16258.330] (EE) client bug: timer event2 debounce: offset negative (-134ms)
[ 16258.361] (EE) client bug: timer event2 debounce short: offset negative (-183ms)
[ 16264.289] (EE) client bug: timer event2 debounce: offset negative (-11ms)
[ 16264.529] (EE) client bug: timer event2 debounce: offset negative (-56ms)
[ 16264.533] (EE) client bug: timer event2 debounce short: offset negative (-140ms)
[ 16355.980] (EE) client bug: timer event2 debounce short: offset negative (-10ms)
[ 16385.249] (EE) client bug: timer event2 debounce short: offset negative (-9ms)
[ 18640.172] (EE) client bug: timer event2 debounce short: offset negative (-0ms)
[ 18641.599] (EE) client bug: timer event2 debounce: offset negative (-19ms)
[ 18641.616] (EE) client bug: timer event2 debounce short: offset negative (-50ms)
[ 18645.065] (EE) client bug: timer event2 debounce: offset negative (-11ms)
[ 18645.091] (EE) client bug: timer event2 debounce short: offset negative (-64ms)
[ 18647.696] (EE) client bug: timer event2 debounce short: offset negative (-3ms)
[ 18673.372] (II) event2  - VirtualPS/2 VMware VMMouse: SYN_DROPPED event - some input events have been lost.
